<?xml version="1.0" encoding="UTF-8"?>
<!-- Generated by org.testng.reporters.JUnitReportReporter -->
<testsuite hostname="DESKTOP-Q25CNSK" failures="0" tests="2" name="com.org.MavenGroup.MavenArtifactID.LoginTest" time="38.241" errors="0" timestamp="2019-09-19T14:48:57 IST" skipped="0">
  <testcase classname="com.org.MavenGroup.MavenArtifactID.LoginTest" name="TC2_Login" time="0.002"/>
  <testcase classname="com.org.MavenGroup.MavenArtifactID.LoginTest" name="TC1_Login" time="38.239"/>
</testsuite> <!-- com.org.MavenGroup.MavenArtifactID.LoginTest -->
