<?xml version="1.0" encoding="UTF-8"?>
<!-- Generated by org.testng.reporters.JUnitReportReporter -->
<testsuite hostname="DESKTOP-Q25CNSK" failures="0" tests="13" name="com.org.MavenGroup.MavenArtifactID.Tests.SmokeTests" time="357.660" errors="0" timestamp="2020-01-23T16:11:36 IST" skipped="0">
  <testcase classname="com.org.MavenGroup.MavenArtifactID.Tests.SmokeTests" name="TC_01_LogIn" time="16.377"/>
  <testcase classname="com.org.MavenGroup.MavenArtifactID.Tests.SmokeTests" name="TC_02_Team_Request_Setting" time="50.778"/>
  <testcase classname="com.org.MavenGroup.MavenArtifactID.Tests.SmokeTests" name="TC_3_Set_Custom_Blocked_Word" time="39.036"/>
  <testcase classname="com.org.MavenGroup.MavenArtifactID.Tests.SmokeTests" name="TC_04_Team_Request" time="31.852"/>
  <testcase classname="com.org.MavenGroup.MavenArtifactID.Tests.SmokeTests" name="TC_06_Search" time="9.149"/>
  <testcase classname="com.org.MavenGroup.MavenArtifactID.Tests.SmokeTests" name="TC_07_Add_Channel" time="55.394"/>
  <testcase classname="com.org.MavenGroup.MavenArtifactID.Tests.SmokeTests" name="TC_08_Apply_Tag" time="18.510"/>
  <testcase classname="com.org.MavenGroup.MavenArtifactID.Tests.SmokeTests" name="TC_09_Mark_As_A_Favorite" time="10.232"/>
  <testcase classname="com.org.MavenGroup.MavenArtifactID.Tests.SmokeTests" name="TC_10_Save_Hub" time="40.247"/>
  <testcase classname="com.org.MavenGroup.MavenArtifactID.Tests.SmokeTests" name="TC_11_CheckHub_Data" time="14.234"/>
  <testcase classname="com.org.MavenGroup.MavenArtifactID.Tests.SmokeTests" name="TC_12_Send_NewsLetter" time="26.352"/>
  <testcase classname="com.org.MavenGroup.MavenArtifactID.Tests.SmokeTests" name="TC_13_Send_Feedback" time="10.495"/>
  <testcase classname="com.org.MavenGroup.MavenArtifactID.Tests.SmokeTests" name="TC_14_Check_NewsLetter" time="35.004"/>
</testsuite> <!-- com.org.MavenGroup.MavenArtifactID.Tests.SmokeTests -->
